<?xml version="1.0" encoding="UTF-8"?>
<testsuite name="com.photogram.web.ControllersTest" tests="1" skipped="0" failures="0" errors="0" timestamp="2022-01-22T04:49:03" hostname="LAPTOP-ThinkPad" time="0.334">
  <properties/>
  <testcase name="sign페이지_로딩" classname="com.photogram.web.ControllersTest" time="0.334"/>
  <system-out><![CDATA[13:48:55.335 [Test worker] DEBUG org.springframework.test.context.junit4.SpringJUnit4ClassRunner - SpringJUnit4ClassRunner constructor called with [class com.photogram.web.ControllersTest]
13:48:55.351 [Test worker] DEBUG org.springframework.test.context.BootstrapUtils - Instantiating CacheAwareContextLoaderDelegate from class [org.springframework.test.context.cache.DefaultCacheAwareContextLoaderDelegate]
13:48:55.351 [Test worker] DEBUG org.springframework.test.context.BootstrapUtils - Instantiating BootstrapContext using constructor [public org.springframework.test.context.support.DefaultBootstrapContext(java.lang.Class,org.springframework.test.context.CacheAwareContextLoaderDelegate)]
13:48:55.382 [Test worker] DEBUG org.springframework.test.context.BootstrapUtils - Instantiating TestContextBootstrapper for test class [com.photogram.web.ControllersTest] from class [org.springframework.boot.test.context.SpringBootTestContextBootstrapper]
13:48:55.398 [Test worker] INFO org.springframework.boot.test.context.SpringBootTestContextBootstrapper - Neither @ContextConfiguration nor @ContextHierarchy found for test class [com.photogram.web.ControllersTest], using SpringBootContextLoader
13:48:55.398 [Test worker] DEBUG org.springframework.test.context.support.AbstractContextLoader - Did not detect default resource location for test class [com.photogram.web.ControllersTest]: class path resource [com/photogram/web/ControllersTest-context.xml] does not exist
13:48:55.398 [Test worker] DEBUG org.springframework.test.context.support.AbstractContextLoader - Did not detect default resource location for test class [com.photogram.web.ControllersTest]: class path resource [com/photogram/web/ControllersTestContext.groovy] does not exist
13:48:55.398 [Test worker] INFO org.springframework.test.context.support.AbstractContextLoader - Could not detect default resource locations for test class [com.photogram.web.ControllersTest]: no resource found for suffixes {-context.xml, Context.groovy}.
13:48:55.398 [Test worker] INFO org.springframework.test.context.support.AnnotationConfigContextLoaderUtils - Could not detect default configuration classes for test class [com.photogram.web.ControllersTest]: ControllersTest does not declare any static, non-private, non-final, nested classes annotated with @Configuration.
13:48:55.429 [Test worker] DEBUG org.springframework.test.context.support.ActiveProfilesUtils - Could not find an 'annotation declaring class' for annotation type [org.springframework.test.context.ActiveProfiles] and class [com.photogram.web.ControllersTest]
13:48:55.507 [Test worker] DEBUG org.springframework.context.annotation.ClassPathScanningCandidateComponentProvider - Identified candidate component class: file [C:\intellij Projects\photogram\build\classes\java\main\com\photogram\Application.class]
13:48:55.507 [Test worker] INFO org.springframework.boot.test.context.SpringBootTestContextBootstrapper - Found @SpringBootConfiguration com.photogram.Application for test class com.photogram.web.ControllersTest
13:48:55.585 [Test worker] DEBUG org.springframework.boot.test.context.SpringBootTestContextBootstrapper - @TestExecutionListeners is not present for class [com.photogram.web.ControllersTest]: using defaults.
13:48:55.585 [Test worker] INFO org.springframework.boot.test.context.SpringBootTestContextBootstrapper - Loaded default TestExecutionListener class names from location [META-INF/spring.factories]: [org.springframework.security.test.context.support.WithSecurityContextTestExecutionListener, org.springframework.security.test.context.support.ReactorContextTestExecutionListener, org.springframework.boot.test.autoconfigure.restdocs.RestDocsTestExecutionListener, org.springframework.boot.test.autoconfigure.web.client.MockRestServiceServerResetTestExecutionListener, org.springframework.boot.test.autoconfigure.web.servlet.MockMvcPrintOnlyOnFailureTestExecutionListener, org.springframework.boot.test.autoconfigure.web.servlet.WebDriverTestExecutionListener, org.springframework.boot.test.mock.mockito.MockitoTestExecutionListener, org.springframework.boot.test.mock.mockito.ResetMocksTestExecutionListener, org.springframework.test.context.web.ServletTestExecutionListener, org.springframework.test.context.support.DirtiesContextBeforeModesTestExecutionListener, org.springframework.test.context.support.DependencyInjectionTestExecutionListener, org.springframework.test.context.support.DirtiesContextTestExecutionListener, org.springframework.test.context.transaction.TransactionalTestExecutionListener, org.springframework.test.context.jdbc.SqlScriptsTestExecutionListener]
13:48:55.601 [Test worker] INFO org.springframework.boot.test.context.SpringBootTestContextBootstrapper - Using TestExecutionListeners: [org.springframework.test.context.web.ServletTestExecutionListener@4d27109e, org.springframework.test.context.support.DirtiesContextBeforeModesTestExecutionListener@4061ee73, org.springframework.boot.test.mock.mockito.MockitoTestExecutionListener@12b9099a, org.springframework.boot.test.autoconfigure.SpringBootDependencyInjectionTestExecutionListener@2b779b59, org.springframework.test.context.support.DirtiesContextTestExecutionListener@5e21cd49, org.springframework.test.context.transaction.TransactionalTestExecutionListener@117ca288, org.springframework.test.context.jdbc.SqlScriptsTestExecutionListener@4b538ce4, org.springframework.security.test.context.support.WithSecurityContextTestExecutionListener@5ce96b84, org.springframework.security.test.context.support.ReactorContextTestExecutionListener@cf2bed5, org.springframework.boot.test.autoconfigure.restdocs.RestDocsTestExecutionListener@786e2521, org.springframework.boot.test.autoconfigure.web.client.MockRestServiceServerResetTestExecutionListener@2f0db264, org.springframework.boot.test.autoconfigure.web.servlet.MockMvcPrintOnlyOnFailureTestExecutionListener@382f494a, org.springframework.boot.test.autoconfigure.web.servlet.WebDriverTestExecutionListener@21324c8c, org.springframework.boot.test.mock.mockito.ResetMocksTestExecutionListener@287c32a6]
13:48:55.617 [Test worker] DEBUG org.springframework.test.annotation.ProfileValueUtils - Retrieved @ProfileValueSourceConfiguration [null] for test class [com.photogram.web.ControllersTest]
13:48:55.617 [Test worker] DEBUG org.springframework.test.annotation.ProfileValueUtils - Retrieved ProfileValueSource type [class org.springframework.test.annotation.SystemProfileValueSource] for class [com.photogram.web.ControllersTest]
13:48:55.617 [Test worker] DEBUG org.springframework.test.annotation.ProfileValueUtils - Retrieved @ProfileValueSourceConfiguration [null] for test class [com.photogram.web.ControllersTest]
13:48:55.617 [Test worker] DEBUG org.springframework.test.annotation.ProfileValueUtils - Retrieved ProfileValueSource type [class org.springframework.test.annotation.SystemProfileValueSource] for class [com.photogram.web.ControllersTest]
13:48:55.617 [Test worker] DEBUG org.springframework.test.annotation.ProfileValueUtils - Retrieved @ProfileValueSourceConfiguration [null] for test class [com.photogram.web.ControllersTest]
13:48:55.617 [Test worker] DEBUG org.springframework.test.annotation.ProfileValueUtils - Retrieved ProfileValueSource type [class org.springframework.test.annotation.SystemProfileValueSource] for class [com.photogram.web.ControllersTest]
13:48:55.617 [Test worker] DEBUG org.springframework.test.context.support.AbstractDirtiesContextTestExecutionListener - Before test class: context [DefaultTestContext@52d06edc testClass = ControllersTest, testInstance = [null], testMethod = [null], testException = [null], mergedContextConfiguration = [WebMergedContextConfiguration@7be9bfc9 testClass = ControllersTest, locations = '{}', classes = '{class com.photogram.Application}', contextInitializerClasses = '[]', activeProfiles = '{}', propertySourceLocations = '{}', propertySourceProperties = '{org.springframework.boot.test.context.SpringBootTestContextBootstrapper=true, server.port=0}', contextCustomizers = set[org.springframework.boot.test.autoconfigure.properties.PropertyMappingContextCustomizer@0, org.springframework.boot.test.autoconfigure.web.servlet.WebDriverContextCustomizerFactory$Customizer@e53a314, org.springframework.boot.test.context.filter.ExcludeFilterContextCustomizer@746db, org.springframework.boot.test.json.DuplicateJsonObjectContextCustomizerFactory$DuplicateJsonObjectContextCustomizer@5fe41b12, org.springframework.boot.test.mock.mockito.MockitoContextCustomizer@0, org.springframework.boot.test.web.client.TestRestTemplateContextCustomizer@5d58f6f0], resourceBasePath = 'src/main/webapp', contextLoader = 'org.springframework.boot.test.context.SpringBootContextLoader', parent = [null]], attributes = map['org.springframework.test.context.web.ServletTestExecutionListener.activateListener' -> false]], class annotated with @DirtiesContext [false] with mode [null].
13:48:55.617 [Test worker] DEBUG org.springframework.test.annotation.ProfileValueUtils - Retrieved @ProfileValueSourceConfiguration [null] for test class [com.photogram.web.ControllersTest]
13:48:55.617 [Test worker] DEBUG org.springframework.test.annotation.ProfileValueUtils - Retrieved ProfileValueSource type [class org.springframework.test.annotation.SystemProfileValueSource] for class [com.photogram.web.ControllersTest]
13:48:55.617 [Test worker] DEBUG org.springframework.test.context.support.DependencyInjectionTestExecutionListener - Performing dependency injection for test context [[DefaultTestContext@52d06edc testClass = ControllersTest, testInstance = com.photogram.web.ControllersTest@17ce60c1, testMethod = [null], testException = [null], mergedContextConfiguration = [WebMergedContextConfiguration@7be9bfc9 testClass = ControllersTest, locations = '{}', classes = '{class com.photogram.Application}', contextInitializerClasses = '[]', activeProfiles = '{}', propertySourceLocations = '{}', propertySourceProperties = '{org.springframework.boot.test.context.SpringBootTestContextBootstrapper=true, server.port=0}', contextCustomizers = set[org.springframework.boot.test.autoconfigure.properties.PropertyMappingContextCustomizer@0, org.springframework.boot.test.autoconfigure.web.servlet.WebDriverContextCustomizerFactory$Customizer@e53a314, org.springframework.boot.test.context.filter.ExcludeFilterContextCustomizer@746db, org.springframework.boot.test.json.DuplicateJsonObjectContextCustomizerFactory$DuplicateJsonObjectContextCustomizer@5fe41b12, org.springframework.boot.test.mock.mockito.MockitoContextCustomizer@0, org.springframework.boot.test.web.client.TestRestTemplateContextCustomizer@5d58f6f0], resourceBasePath = 'src/main/webapp', contextLoader = 'org.springframework.boot.test.context.SpringBootContextLoader', parent = [null]], attributes = map['org.springframework.test.context.web.ServletTestExecutionListener.activateListener' -> false]]].
13:48:55.648 [Test worker] DEBUG org.springframework.test.context.support.TestPropertySourceUtils - Adding inlined properties to environment: {spring.jmx.enabled=false, org.springframework.boot.test.context.SpringBootTestContextBootstrapper=true, server.port=0}

  .   ____          _            __ _ _
 /\\ / ___'_ __ _ _(_)_ __  __ _ \ \ \ \
( ( )\___ | '_ | '_| | '_ \/ _` | \ \ \ \
 \\/  ___)| |_)| | | | | || (_| |  ) ) ) )
  '  |____| .__|_| |_|_| |_\__, | / / / /
 =========|_|==============|___/=/_/_/_/
 :: Spring Boot ::        (v2.1.9.RELEASE)

2022-01-22 13:48:56.038  INFO 8924 --- [    Test worker] com.photogram.web.ControllersTest        : Starting ControllersTest on LAPTOP-ThinkPad with PID 8924 (started by myeon in C:\intellij Projects\photogram)
2022-01-22 13:48:56.038  INFO 8924 --- [    Test worker] com.photogram.web.ControllersTest        : The following profiles are active: oauth
2022-01-22 13:48:56.866  INFO 8924 --- [    Test worker] .s.d.r.c.RepositoryConfigurationDelegate : Bootstrapping Spring Data repositories in DEFAULT mode.
2022-01-22 13:48:56.960  INFO 8924 --- [    Test worker] .s.d.r.c.RepositoryConfigurationDelegate : Finished Spring Data repository scanning in 94ms. Found 1 repository interfaces.
2022-01-22 13:48:57.460  INFO 8924 --- [    Test worker] trationDelegate$BeanPostProcessorChecker : Bean 'org.springframework.transaction.annotation.ProxyTransactionManagementConfiguration' of type [org.springframework.transaction.annotation.ProxyTransactionManagementConfiguration$$EnhancerBySpringCGLIB$$f2dd4166] is not eligible for getting processed by all BeanPostProcessors (for example: not eligible for auto-proxying)
2022-01-22 13:48:58.195  INFO 8924 --- [    Test worker] o.s.b.w.embedded.tomcat.TomcatWebServer  : Tomcat initialized with port(s): 0 (http)
2022-01-22 13:48:58.226  INFO 8924 --- [    Test worker] o.apache.catalina.core.StandardService   : Starting service [Tomcat]
2022-01-22 13:48:58.226  INFO 8924 --- [    Test worker] org.apache.catalina.core.StandardEngine  : Starting Servlet engine: [Apache Tomcat/9.0.26]
2022-01-22 13:48:58.413  INFO 8924 --- [    Test worker] o.a.c.c.C.[Tomcat].[localhost].[/]       : Initializing Spring embedded WebApplicationContext
2022-01-22 13:48:58.413  INFO 8924 --- [    Test worker] o.s.web.context.ContextLoader            : Root WebApplicationContext: initialization completed in 2359 ms
2022-01-22 13:48:58.804  INFO 8924 --- [    Test worker] com.zaxxer.hikari.HikariDataSource       : HikariPool-1 - Starting...
2022-01-22 13:48:58.991  INFO 8924 --- [    Test worker] com.zaxxer.hikari.HikariDataSource       : HikariPool-1 - Start completed.
2022-01-22 13:48:59.069  INFO 8924 --- [    Test worker] o.hibernate.jpa.internal.util.LogHelper  : HHH000204: Processing PersistenceUnitInfo [
	name: default
	...]
2022-01-22 13:48:59.147  INFO 8924 --- [    Test worker] org.hibernate.Version                    : HHH000412: Hibernate Core {5.3.12.Final}
2022-01-22 13:48:59.163  INFO 8924 --- [    Test worker] org.hibernate.cfg.Environment            : HHH000206: hibernate.properties not found
2022-01-22 13:48:59.319  INFO 8924 --- [    Test worker] o.hibernate.annotations.common.Version   : HCANN000001: Hibernate Commons Annotations {5.0.4.Final}
2022-01-22 13:48:59.507  INFO 8924 --- [    Test worker] org.hibernate.dialect.Dialect            : HHH000400: Using dialect: org.hibernate.dialect.H2Dialect
Hibernate: create table User (id bigint generated by default as identity, createDate timestamp, modifiedDate timestamp, bio varchar(255), email varchar(320) not null, gender varchar(10), name varchar(255) not null, password varchar(255) not null, profileImageUrl varchar(255), role varchar(255), tel varchar(15), username varchar(50) not null, website varchar(255), primary key (id))
Hibernate: alter table User drop constraint if exists UK_e6gkqunxajvyxl5uctpl2vl2p
Hibernate: alter table User add constraint UK_e6gkqunxajvyxl5uctpl2vl2p unique (email)
Hibernate: alter table User drop constraint if exists UK_jreodf78a7pl5qidfh43axdfb
Hibernate: alter table User add constraint UK_jreodf78a7pl5qidfh43axdfb unique (username)
2022-01-22 13:49:00.510  INFO 8924 --- [    Test worker] j.LocalContainerEntityManagerFactoryBean : Initialized JPA EntityManagerFactory for persistence unit 'default'
2022-01-22 13:49:01.954  INFO 8924 --- [    Test worker] o.s.s.web.DefaultSecurityFilterChain     : Creating filter chain: any request, [org.springframework.security.web.context.request.async.WebAsyncManagerIntegrationFilter@50771599, org.springframework.security.web.context.SecurityContextPersistenceFilter@b3fb3e6, org.springframework.security.web.header.HeaderWriterFilter@d873012, org.springframework.security.web.authentication.logout.LogoutFilter@2dbf4c63, org.springframework.security.oauth2.client.web.OAuth2AuthorizationRequestRedirectFilter@364a2104, org.springframework.security.oauth2.client.web.OAuth2LoginAuthenticationFilter@3d32d574, org.springframework.security.web.authentication.UsernamePasswordAuthenticationFilter@5fb15926, org.springframework.security.web.authentication.ui.DefaultLoginPageGeneratingFilter@487dd81a, org.springframework.security.web.authentication.ui.DefaultLogoutPageGeneratingFilter@5703879a, org.springframework.security.web.savedrequest.RequestCacheAwareFilter@433f4ec, org.springframework.security.web.servletapi.SecurityContextHolderAwareRequestFilter@6dd3e872, org.springframework.security.web.authentication.AnonymousAuthenticationFilter@50058f04, org.springframework.security.web.session.SessionManagementFilter@4f3e4a3e, org.springframework.security.web.access.ExceptionTranslationFilter@4264fbf, org.springframework.security.web.access.intercept.FilterSecurityInterceptor@5c5c6952]
2022-01-22 13:49:02.532  INFO 8924 --- [    Test worker] o.s.s.concurrent.ThreadPoolTaskExecutor  : Initializing ExecutorService 'applicationTaskExecutor'
2022-01-22 13:49:03.230  INFO 8924 --- [    Test worker] o.s.b.w.embedded.tomcat.TomcatWebServer  : Tomcat started on port(s): 7144 (http) with context path ''
2022-01-22 13:49:03.233  INFO 8924 --- [    Test worker] com.photogram.web.ControllersTest        : Started ControllersTest in 7.585 seconds (JVM running for 8.877)
2022-01-22 13:49:03.394  INFO 8924 --- [o-auto-1-exec-1] o.a.c.c.C.[Tomcat].[localhost].[/]       : Initializing Spring DispatcherServlet 'dispatcherServlet'
2022-01-22 13:49:03.395  INFO 8924 --- [o-auto-1-exec-1] o.s.web.servlet.DispatcherServlet        : Initializing Servlet 'dispatcherServlet'
2022-01-22 13:49:03.421  INFO 8924 --- [o-auto-1-exec-1] o.s.web.servlet.DispatcherServlet        : Completed initialization in 26 ms
]]></system-out>
  <system-err><![CDATA[]]></system-err>
</testsuite>
