<?xml version="1.0" encoding="UTF-8"?>
<testsuite name="com.photogram.web.api.UserApiControllerTest" tests="1" skipped="0" failures="0" errors="0" timestamp="2022-01-23T08:16:33" hostname="LAPTOP-ThinkPad" time="0.699">
  <properties/>
  <testcase name="Users_수정된다" classname="com.photogram.web.api.UserApiControllerTest" time="0.699"/>
  <system-out><![CDATA[17:16:26.353 [Test worker] DEBUG org.springframework.test.context.junit4.SpringJUnit4ClassRunner - SpringJUnit4ClassRunner constructor called with [class com.photogram.web.api.UserApiControllerTest]
17:16:26.362 [Test worker] DEBUG org.springframework.test.context.BootstrapUtils - Instantiating CacheAwareContextLoaderDelegate from class [org.springframework.test.context.cache.DefaultCacheAwareContextLoaderDelegate]
17:16:26.376 [Test worker] DEBUG org.springframework.test.context.BootstrapUtils - Instantiating BootstrapContext using constructor [public org.springframework.test.context.support.DefaultBootstrapContext(java.lang.Class,org.springframework.test.context.CacheAwareContextLoaderDelegate)]
17:16:26.390 [Test worker] DEBUG org.springframework.test.context.BootstrapUtils - Instantiating TestContextBootstrapper for test class [com.photogram.web.api.UserApiControllerTest] from class [org.springframework.boot.test.context.SpringBootTestContextBootstrapper]
17:16:26.402 [Test worker] INFO org.springframework.boot.test.context.SpringBootTestContextBootstrapper - Neither @ContextConfiguration nor @ContextHierarchy found for test class [com.photogram.web.api.UserApiControllerTest], using SpringBootContextLoader
17:16:26.405 [Test worker] DEBUG org.springframework.test.context.support.AbstractContextLoader - Did not detect default resource location for test class [com.photogram.web.api.UserApiControllerTest]: class path resource [com/photogram/web/api/UserApiControllerTest-context.xml] does not exist
17:16:26.405 [Test worker] DEBUG org.springframework.test.context.support.AbstractContextLoader - Did not detect default resource location for test class [com.photogram.web.api.UserApiControllerTest]: class path resource [com/photogram/web/api/UserApiControllerTestContext.groovy] does not exist
17:16:26.406 [Test worker] INFO org.springframework.test.context.support.AbstractContextLoader - Could not detect default resource locations for test class [com.photogram.web.api.UserApiControllerTest]: no resource found for suffixes {-context.xml, Context.groovy}.
17:16:26.407 [Test worker] INFO org.springframework.test.context.support.AnnotationConfigContextLoaderUtils - Could not detect default configuration classes for test class [com.photogram.web.api.UserApiControllerTest]: UserApiControllerTest does not declare any static, non-private, non-final, nested classes annotated with @Configuration.
17:16:26.449 [Test worker] DEBUG org.springframework.test.context.support.ActiveProfilesUtils - Could not find an 'annotation declaring class' for annotation type [org.springframework.test.context.ActiveProfiles] and class [com.photogram.web.api.UserApiControllerTest]
17:16:26.553 [Test worker] DEBUG org.springframework.context.annotation.ClassPathScanningCandidateComponentProvider - Identified candidate component class: file [C:\intellij Projects\photogram\build\classes\java\main\com\photogram\Application.class]
17:16:26.555 [Test worker] INFO org.springframework.boot.test.context.SpringBootTestContextBootstrapper - Found @SpringBootConfiguration com.photogram.Application for test class com.photogram.web.api.UserApiControllerTest
17:16:26.649 [Test worker] DEBUG org.springframework.boot.test.context.SpringBootTestContextBootstrapper - @TestExecutionListeners is not present for class [com.photogram.web.api.UserApiControllerTest]: using defaults.
17:16:26.650 [Test worker] INFO org.springframework.boot.test.context.SpringBootTestContextBootstrapper - Loaded default TestExecutionListener class names from location [META-INF/spring.factories]: [org.springframework.security.test.context.support.WithSecurityContextTestExecutionListener, org.springframework.security.test.context.support.ReactorContextTestExecutionListener, org.springframework.boot.test.autoconfigure.restdocs.RestDocsTestExecutionListener, org.springframework.boot.test.autoconfigure.web.client.MockRestServiceServerResetTestExecutionListener, org.springframework.boot.test.autoconfigure.web.servlet.MockMvcPrintOnlyOnFailureTestExecutionListener, org.springframework.boot.test.autoconfigure.web.servlet.WebDriverTestExecutionListener, org.springframework.boot.test.mock.mockito.MockitoTestExecutionListener, org.springframework.boot.test.mock.mockito.ResetMocksTestExecutionListener, org.springframework.test.context.web.ServletTestExecutionListener, org.springframework.test.context.support.DirtiesContextBeforeModesTestExecutionListener, org.springframework.test.context.support.DependencyInjectionTestExecutionListener, org.springframework.test.context.support.DirtiesContextTestExecutionListener, org.springframework.test.context.transaction.TransactionalTestExecutionListener, org.springframework.test.context.jdbc.SqlScriptsTestExecutionListener]
17:16:26.676 [Test worker] INFO org.springframework.boot.test.context.SpringBootTestContextBootstrapper - Using TestExecutionListeners: [org.springframework.test.context.web.ServletTestExecutionListener@44646d0c, org.springframework.test.context.support.DirtiesContextBeforeModesTestExecutionListener@1be01d0, org.springframework.boot.test.mock.mockito.MockitoTestExecutionListener@1f7b083a, org.springframework.boot.test.autoconfigure.SpringBootDependencyInjectionTestExecutionListener@321a8ab, org.springframework.test.context.support.DirtiesContextTestExecutionListener@644aa9ce, org.springframework.test.context.transaction.TransactionalTestExecutionListener@158b9416, org.springframework.test.context.jdbc.SqlScriptsTestExecutionListener@52767445, org.springframework.security.test.context.support.WithSecurityContextTestExecutionListener@5c1cfa50, org.springframework.security.test.context.support.ReactorContextTestExecutionListener@6d293cc4, org.springframework.boot.test.autoconfigure.restdocs.RestDocsTestExecutionListener@244b2e53, org.springframework.boot.test.autoconfigure.web.client.MockRestServiceServerResetTestExecutionListener@45feb2c3, org.springframework.boot.test.autoconfigure.web.servlet.MockMvcPrintOnlyOnFailureTestExecutionListener@7e0b1e56, org.springframework.boot.test.autoconfigure.web.servlet.WebDriverTestExecutionListener@5a60d24f, org.springframework.boot.test.mock.mockito.ResetMocksTestExecutionListener@27a456e6]
17:16:26.680 [Test worker] DEBUG org.springframework.test.annotation.ProfileValueUtils - Retrieved @ProfileValueSourceConfiguration [null] for test class [com.photogram.web.api.UserApiControllerTest]
17:16:26.680 [Test worker] DEBUG org.springframework.test.annotation.ProfileValueUtils - Retrieved ProfileValueSource type [class org.springframework.test.annotation.SystemProfileValueSource] for class [com.photogram.web.api.UserApiControllerTest]
17:16:26.684 [Test worker] DEBUG org.springframework.test.annotation.ProfileValueUtils - Retrieved @ProfileValueSourceConfiguration [null] for test class [com.photogram.web.api.UserApiControllerTest]
17:16:26.684 [Test worker] DEBUG org.springframework.test.annotation.ProfileValueUtils - Retrieved ProfileValueSource type [class org.springframework.test.annotation.SystemProfileValueSource] for class [com.photogram.web.api.UserApiControllerTest]
17:16:26.685 [Test worker] DEBUG org.springframework.test.annotation.ProfileValueUtils - Retrieved @ProfileValueSourceConfiguration [null] for test class [com.photogram.web.api.UserApiControllerTest]
17:16:26.685 [Test worker] DEBUG org.springframework.test.annotation.ProfileValueUtils - Retrieved ProfileValueSource type [class org.springframework.test.annotation.SystemProfileValueSource] for class [com.photogram.web.api.UserApiControllerTest]
17:16:26.689 [Test worker] DEBUG org.springframework.test.context.support.AbstractDirtiesContextTestExecutionListener - Before test class: context [DefaultTestContext@743167e testClass = UserApiControllerTest, testInstance = [null], testMethod = [null], testException = [null], mergedContextConfiguration = [WebMergedContextConfiguration@7082c2ed testClass = UserApiControllerTest, locations = '{}', classes = '{class com.photogram.Application}', contextInitializerClasses = '[]', activeProfiles = '{}', propertySourceLocations = '{}', propertySourceProperties = '{org.springframework.boot.test.context.SpringBootTestContextBootstrapper=true, server.port=0}', contextCustomizers = set[org.springframework.boot.test.autoconfigure.properties.PropertyMappingContextCustomizer@0, org.springframework.boot.test.autoconfigure.web.servlet.WebDriverContextCustomizerFactory$Customizer@126ee68f, org.springframework.boot.test.context.filter.ExcludeFilterContextCustomizer@10fe8ddb, org.springframework.boot.test.json.DuplicateJsonObjectContextCustomizerFactory$DuplicateJsonObjectContextCustomizer@792aad3e, org.springframework.boot.test.mock.mockito.MockitoContextCustomizer@0, org.springframework.boot.test.web.client.TestRestTemplateContextCustomizer@693b809b], resourceBasePath = 'src/main/webapp', contextLoader = 'org.springframework.boot.test.context.SpringBootContextLoader', parent = [null]], attributes = map['org.springframework.test.context.web.ServletTestExecutionListener.activateListener' -> false]], class annotated with @DirtiesContext [false] with mode [null].
17:16:26.691 [Test worker] DEBUG org.springframework.test.annotation.ProfileValueUtils - Retrieved @ProfileValueSourceConfiguration [null] for test class [com.photogram.web.api.UserApiControllerTest]
17:16:26.691 [Test worker] DEBUG org.springframework.test.annotation.ProfileValueUtils - Retrieved ProfileValueSource type [class org.springframework.test.annotation.SystemProfileValueSource] for class [com.photogram.web.api.UserApiControllerTest]
17:16:26.701 [Test worker] DEBUG org.springframework.test.context.support.DependencyInjectionTestExecutionListener - Performing dependency injection for test context [[DefaultTestContext@743167e testClass = UserApiControllerTest, testInstance = com.photogram.web.api.UserApiControllerTest@634ec318, testMethod = [null], testException = [null], mergedContextConfiguration = [WebMergedContextConfiguration@7082c2ed testClass = UserApiControllerTest, locations = '{}', classes = '{class com.photogram.Application}', contextInitializerClasses = '[]', activeProfiles = '{}', propertySourceLocations = '{}', propertySourceProperties = '{org.springframework.boot.test.context.SpringBootTestContextBootstrapper=true, server.port=0}', contextCustomizers = set[org.springframework.boot.test.autoconfigure.properties.PropertyMappingContextCustomizer@0, org.springframework.boot.test.autoconfigure.web.servlet.WebDriverContextCustomizerFactory$Customizer@126ee68f, org.springframework.boot.test.context.filter.ExcludeFilterContextCustomizer@10fe8ddb, org.springframework.boot.test.json.DuplicateJsonObjectContextCustomizerFactory$DuplicateJsonObjectContextCustomizer@792aad3e, org.springframework.boot.test.mock.mockito.MockitoContextCustomizer@0, org.springframework.boot.test.web.client.TestRestTemplateContextCustomizer@693b809b], resourceBasePath = 'src/main/webapp', contextLoader = 'org.springframework.boot.test.context.SpringBootContextLoader', parent = [null]], attributes = map['org.springframework.test.context.web.ServletTestExecutionListener.activateListener' -> false]]].
17:16:26.718 [Test worker] DEBUG org.springframework.test.context.support.TestPropertySourceUtils - Adding inlined properties to environment: {spring.jmx.enabled=false, org.springframework.boot.test.context.SpringBootTestContextBootstrapper=true, server.port=0}

  .   ____          _            __ _ _
 /\\ / ___'_ __ _ _(_)_ __  __ _ \ \ \ \
( ( )\___ | '_ | '_| | '_ \/ _` | \ \ \ \
 \\/  ___)| |_)| | | | | || (_| |  ) ) ) )
  '  |____| .__|_| |_|_| |_\__, | / / / /
 =========|_|==============|___/=/_/_/_/
 :: Spring Boot ::        (v2.1.9.RELEASE)

2022-01-23 17:16:27.079  INFO 15192 --- [    Test worker] c.p.web.api.UserApiControllerTest        : Starting UserApiControllerTest on LAPTOP-ThinkPad with PID 15192 (started by myeon in C:\intellij Projects\photogram)
2022-01-23 17:16:27.080  INFO 15192 --- [    Test worker] c.p.web.api.UserApiControllerTest        : The following profiles are active: oauth
2022-01-23 17:16:27.959  INFO 15192 --- [    Test worker] .s.d.r.c.RepositoryConfigurationDelegate : Bootstrapping Spring Data repositories in DEFAULT mode.
2022-01-23 17:16:28.043  INFO 15192 --- [    Test worker] .s.d.r.c.RepositoryConfigurationDelegate : Finished Spring Data repository scanning in 76ms. Found 1 repository interfaces.
2022-01-23 17:16:28.565  INFO 15192 --- [    Test worker] trationDelegate$BeanPostProcessorChecker : Bean 'org.springframework.transaction.annotation.ProxyTransactionManagementConfiguration' of type [org.springframework.transaction.annotation.ProxyTransactionManagementConfiguration$$EnhancerBySpringCGLIB$$f8675bc7] is not eligible for getting processed by all BeanPostProcessors (for example: not eligible for auto-proxying)
2022-01-23 17:16:29.213  INFO 15192 --- [    Test worker] o.s.b.w.embedded.tomcat.TomcatWebServer  : Tomcat initialized with port(s): 0 (http)
2022-01-23 17:16:29.239  INFO 15192 --- [    Test worker] o.apache.catalina.core.StandardService   : Starting service [Tomcat]
2022-01-23 17:16:29.240  INFO 15192 --- [    Test worker] org.apache.catalina.core.StandardEngine  : Starting Servlet engine: [Apache Tomcat/9.0.26]
2022-01-23 17:16:29.397  INFO 15192 --- [    Test worker] o.a.c.c.C.[Tomcat].[localhost].[/]       : Initializing Spring embedded WebApplicationContext
2022-01-23 17:16:29.397  INFO 15192 --- [    Test worker] o.s.web.context.ContextLoader            : Root WebApplicationContext: initialization completed in 2302 ms
2022-01-23 17:16:29.786  INFO 15192 --- [    Test worker] com.zaxxer.hikari.HikariDataSource       : HikariPool-1 - Starting...
2022-01-23 17:16:29.996  INFO 15192 --- [    Test worker] com.zaxxer.hikari.HikariDataSource       : HikariPool-1 - Start completed.
2022-01-23 17:16:30.104  INFO 15192 --- [    Test worker] o.hibernate.jpa.internal.util.LogHelper  : HHH000204: Processing PersistenceUnitInfo [
	name: default
	...]
2022-01-23 17:16:30.214  INFO 15192 --- [    Test worker] org.hibernate.Version                    : HHH000412: Hibernate Core {5.3.12.Final}
2022-01-23 17:16:30.217  INFO 15192 --- [    Test worker] org.hibernate.cfg.Environment            : HHH000206: hibernate.properties not found
2022-01-23 17:16:30.427  INFO 15192 --- [    Test worker] o.hibernate.annotations.common.Version   : HCANN000001: Hibernate Commons Annotations {5.0.4.Final}
2022-01-23 17:16:30.641  INFO 15192 --- [    Test worker] org.hibernate.dialect.Dialect            : HHH000400: Using dialect: org.hibernate.dialect.H2Dialect
Hibernate: create table User (id bigint generated by default as identity, createDate timestamp, modifiedDate timestamp, bio varchar(255), email varchar(320) not null, gender varchar(10), name varchar(255) not null, password varchar(255) not null, profileImageUrl varchar(255), role varchar(255), tel varchar(15), username varchar(50) not null, website varchar(255), primary key (id))
Hibernate: alter table User drop constraint if exists UK_e6gkqunxajvyxl5uctpl2vl2p
Hibernate: alter table User add constraint UK_e6gkqunxajvyxl5uctpl2vl2p unique (email)
Hibernate: alter table User drop constraint if exists UK_jreodf78a7pl5qidfh43axdfb
Hibernate: alter table User add constraint UK_jreodf78a7pl5qidfh43axdfb unique (username)
2022-01-23 17:16:31.613  INFO 15192 --- [    Test worker] j.LocalContainerEntityManagerFactoryBean : Initialized JPA EntityManagerFactory for persistence unit 'default'
2022-01-23 17:16:32.774  INFO 15192 --- [    Test worker] o.s.s.web.DefaultSecurityFilterChain     : Creating filter chain: any request, [org.springframework.security.web.context.request.async.WebAsyncManagerIntegrationFilter@756da8c3, org.springframework.security.web.context.SecurityContextPersistenceFilter@61c240f8, org.springframework.security.web.header.HeaderWriterFilter@7d700626, org.springframework.security.web.authentication.logout.LogoutFilter@54231a1b, org.springframework.security.oauth2.client.web.OAuth2AuthorizationRequestRedirectFilter@1879adfb, org.springframework.security.oauth2.client.web.OAuth2LoginAuthenticationFilter@6720b7ae, org.springframework.security.web.authentication.UsernamePasswordAuthenticationFilter@43d211a5, org.springframework.security.web.authentication.ui.DefaultLoginPageGeneratingFilter@478a6d25, org.springframework.security.web.authentication.ui.DefaultLogoutPageGeneratingFilter@282a3c86, org.springframework.security.web.savedrequest.RequestCacheAwareFilter@116faec1, org.springframework.security.web.servletapi.SecurityContextHolderAwareRequestFilter@8924c12, org.springframework.security.web.authentication.AnonymousAuthenticationFilter@4151b8c0, org.springframework.security.web.session.SessionManagementFilter@732ea2f, org.springframework.security.web.access.ExceptionTranslationFilter@5370a710, org.springframework.security.web.access.intercept.FilterSecurityInterceptor@3d32d574]
2022-01-23 17:16:33.257  INFO 15192 --- [    Test worker] o.s.s.concurrent.ThreadPoolTaskExecutor  : Initializing ExecutorService 'applicationTaskExecutor'
2022-01-23 17:16:33.811  INFO 15192 --- [    Test worker] o.s.b.w.embedded.tomcat.TomcatWebServer  : Tomcat started on port(s): 4073 (http) with context path ''
2022-01-23 17:16:33.813  INFO 15192 --- [    Test worker] c.p.web.api.UserApiControllerTest        : Started UserApiControllerTest in 7.094 seconds (JVM running for 8.608)
Hibernate: insert into User (id, createDate, modifiedDate, bio, email, gender, name, password, profileImageUrl, role, tel, username, website) values (null, ?, ?, ?, ?, ?, ?, ?, ?, ?, ?, ?, ?)
2022-01-23 17:16:34.163  INFO 15192 --- [o-auto-1-exec-1] o.a.c.c.C.[Tomcat].[localhost].[/]       : Initializing Spring DispatcherServlet 'dispatcherServlet'
2022-01-23 17:16:34.164  INFO 15192 --- [o-auto-1-exec-1] o.s.web.servlet.DispatcherServlet        : Initializing Servlet 'dispatcherServlet'
2022-01-23 17:16:34.187  INFO 15192 --- [o-auto-1-exec-1] o.s.web.servlet.DispatcherServlet        : Completed initialization in 23 ms
Hibernate: select user0_.id as id1_0_0_, user0_.createDate as createDa2_0_0_, user0_.modifiedDate as modified3_0_0_, user0_.bio as bio4_0_0_, user0_.email as email5_0_0_, user0_.gender as gender6_0_0_, user0_.name as name7_0_0_, user0_.password as password8_0_0_, user0_.profileImageUrl as profileI9_0_0_, user0_.role as role10_0_0_, user0_.tel as tel11_0_0_, user0_.username as usernam12_0_0_, user0_.website as website13_0_0_ from User user0_ where user0_.id=?
Hibernate: update User set createDate=?, modifiedDate=?, bio=?, email=?, gender=?, name=?, password=?, profileImageUrl=?, role=?, tel=?, username=?, website=? where id=?
2022-01-23 17:16:34.402  INFO 15192 --- [    Test worker] o.h.h.i.QueryTranslatorFactoryInitiator  : HHH000397: Using ASTQueryTranslatorFactory
Hibernate: select user0_.id as id1_0_, user0_.createDate as createDa2_0_, user0_.modifiedDate as modified3_0_, user0_.bio as bio4_0_, user0_.email as email5_0_, user0_.gender as gender6_0_, user0_.name as name7_0_, user0_.password as password8_0_, user0_.profileImageUrl as profileI9_0_, user0_.role as role10_0_, user0_.tel as tel11_0_, user0_.username as usernam12_0_, user0_.website as website13_0_ from User user0_
Hibernate: select user0_.id as id1_0_, user0_.createDate as createDa2_0_, user0_.modifiedDate as modified3_0_, user0_.bio as bio4_0_, user0_.email as email5_0_, user0_.gender as gender6_0_, user0_.name as name7_0_, user0_.password as password8_0_, user0_.profileImageUrl as profileI9_0_, user0_.role as role10_0_, user0_.tel as tel11_0_, user0_.username as usernam12_0_, user0_.website as website13_0_ from User user0_
Hibernate: delete from User where id=?
]]></system-out>
  <system-err><![CDATA[]]></system-err>
</testsuite>
