<?xml version="1.0" encoding="UTF-8"?>
<testsuite name="com.photogram.domain.user.UserRepositoryTest" tests="1" skipped="0" failures="0" errors="0" timestamp="2022-01-18T16:27:10" hostname="LAPTOP-ThinkPad" time="0.349">
  <properties/>
  <testcase name="이메일_중복체크" classname="com.photogram.domain.user.UserRepositoryTest" time="0.349"/>
  <system-out><![CDATA[01:27:05.161 [Test worker] DEBUG org.springframework.test.context.junit4.SpringJUnit4ClassRunner - SpringJUnit4ClassRunner constructor called with [class com.photogram.domain.user.UserRepositoryTest]
01:27:05.169 [Test worker] DEBUG org.springframework.test.context.BootstrapUtils - Instantiating CacheAwareContextLoaderDelegate from class [org.springframework.test.context.cache.DefaultCacheAwareContextLoaderDelegate]
01:27:05.176 [Test worker] DEBUG org.springframework.test.context.BootstrapUtils - Instantiating BootstrapContext using constructor [public org.springframework.test.context.support.DefaultBootstrapContext(java.lang.Class,org.springframework.test.context.CacheAwareContextLoaderDelegate)]
01:27:05.191 [Test worker] DEBUG org.springframework.test.context.BootstrapUtils - Instantiating TestContextBootstrapper for test class [com.photogram.domain.user.UserRepositoryTest] from class [org.springframework.boot.test.context.SpringBootTestContextBootstrapper]
01:27:05.201 [Test worker] INFO org.springframework.boot.test.context.SpringBootTestContextBootstrapper - Neither @ContextConfiguration nor @ContextHierarchy found for test class [com.photogram.domain.user.UserRepositoryTest], using SpringBootContextLoader
01:27:05.204 [Test worker] DEBUG org.springframework.test.context.support.AbstractContextLoader - Did not detect default resource location for test class [com.photogram.domain.user.UserRepositoryTest]: class path resource [com/photogram/domain/user/UserRepositoryTest-context.xml] does not exist
01:27:05.205 [Test worker] DEBUG org.springframework.test.context.support.AbstractContextLoader - Did not detect default resource location for test class [com.photogram.domain.user.UserRepositoryTest]: class path resource [com/photogram/domain/user/UserRepositoryTestContext.groovy] does not exist
01:27:05.206 [Test worker] INFO org.springframework.test.context.support.AbstractContextLoader - Could not detect default resource locations for test class [com.photogram.domain.user.UserRepositoryTest]: no resource found for suffixes {-context.xml, Context.groovy}.
01:27:05.207 [Test worker] INFO org.springframework.test.context.support.AnnotationConfigContextLoaderUtils - Could not detect default configuration classes for test class [com.photogram.domain.user.UserRepositoryTest]: UserRepositoryTest does not declare any static, non-private, non-final, nested classes annotated with @Configuration.
01:27:05.251 [Test worker] DEBUG org.springframework.test.context.support.ActiveProfilesUtils - Could not find an 'annotation declaring class' for annotation type [org.springframework.test.context.ActiveProfiles] and class [com.photogram.domain.user.UserRepositoryTest]
01:27:05.317 [Test worker] DEBUG org.springframework.context.annotation.ClassPathScanningCandidateComponentProvider - Identified candidate component class: file [C:\intellij Projects\photogram\build\classes\java\main\com\photogram\Application.class]
01:27:05.319 [Test worker] INFO org.springframework.boot.test.context.SpringBootTestContextBootstrapper - Found @SpringBootConfiguration com.photogram.Application for test class com.photogram.domain.user.UserRepositoryTest
01:27:05.400 [Test worker] DEBUG org.springframework.boot.test.context.SpringBootTestContextBootstrapper - @TestExecutionListeners is not present for class [com.photogram.domain.user.UserRepositoryTest]: using defaults.
01:27:05.400 [Test worker] INFO org.springframework.boot.test.context.SpringBootTestContextBootstrapper - Loaded default TestExecutionListener class names from location [META-INF/spring.factories]: [org.springframework.security.test.context.support.WithSecurityContextTestExecutionListener, org.springframework.security.test.context.support.ReactorContextTestExecutionListener, org.springframework.boot.test.autoconfigure.restdocs.RestDocsTestExecutionListener, org.springframework.boot.test.autoconfigure.web.client.MockRestServiceServerResetTestExecutionListener, org.springframework.boot.test.autoconfigure.web.servlet.MockMvcPrintOnlyOnFailureTestExecutionListener, org.springframework.boot.test.autoconfigure.web.servlet.WebDriverTestExecutionListener, org.springframework.boot.test.mock.mockito.MockitoTestExecutionListener, org.springframework.boot.test.mock.mockito.ResetMocksTestExecutionListener, org.springframework.test.context.web.ServletTestExecutionListener, org.springframework.test.context.support.DirtiesContextBeforeModesTestExecutionListener, org.springframework.test.context.support.DependencyInjectionTestExecutionListener, org.springframework.test.context.support.DirtiesContextTestExecutionListener, org.springframework.test.context.transaction.TransactionalTestExecutionListener, org.springframework.test.context.jdbc.SqlScriptsTestExecutionListener]
01:27:05.421 [Test worker] INFO org.springframework.boot.test.context.SpringBootTestContextBootstrapper - Using TestExecutionListeners: [org.springframework.test.context.web.ServletTestExecutionListener@6211d2dc, org.springframework.test.context.support.DirtiesContextBeforeModesTestExecutionListener@1b55decc, org.springframework.boot.test.mock.mockito.MockitoTestExecutionListener@2a5cea5c, org.springframework.boot.test.autoconfigure.SpringBootDependencyInjectionTestExecutionListener@5750c75c, org.springframework.test.context.support.DirtiesContextTestExecutionListener@3b3b7858, org.springframework.test.context.transaction.TransactionalTestExecutionListener@ead724d, org.springframework.test.context.jdbc.SqlScriptsTestExecutionListener@436e67ce, org.springframework.security.test.context.support.WithSecurityContextTestExecutionListener@12d522d8, org.springframework.security.test.context.support.ReactorContextTestExecutionListener@724c7162, org.springframework.boot.test.autoconfigure.restdocs.RestDocsTestExecutionListener@17964a7c, org.springframework.boot.test.autoconfigure.web.client.MockRestServiceServerResetTestExecutionListener@27f60f57, org.springframework.boot.test.autoconfigure.web.servlet.MockMvcPrintOnlyOnFailureTestExecutionListener@1c0e2a93, org.springframework.boot.test.autoconfigure.web.servlet.WebDriverTestExecutionListener@d588f11, org.springframework.boot.test.mock.mockito.ResetMocksTestExecutionListener@2838f16c]
01:27:05.426 [Test worker] DEBUG org.springframework.test.annotation.ProfileValueUtils - Retrieved @ProfileValueSourceConfiguration [null] for test class [com.photogram.domain.user.UserRepositoryTest]
01:27:05.426 [Test worker] DEBUG org.springframework.test.annotation.ProfileValueUtils - Retrieved ProfileValueSource type [class org.springframework.test.annotation.SystemProfileValueSource] for class [com.photogram.domain.user.UserRepositoryTest]
01:27:05.433 [Test worker] DEBUG org.springframework.test.annotation.ProfileValueUtils - Retrieved @ProfileValueSourceConfiguration [null] for test class [com.photogram.domain.user.UserRepositoryTest]
01:27:05.433 [Test worker] DEBUG org.springframework.test.annotation.ProfileValueUtils - Retrieved ProfileValueSource type [class org.springframework.test.annotation.SystemProfileValueSource] for class [com.photogram.domain.user.UserRepositoryTest]
01:27:05.434 [Test worker] DEBUG org.springframework.test.annotation.ProfileValueUtils - Retrieved @ProfileValueSourceConfiguration [null] for test class [com.photogram.domain.user.UserRepositoryTest]
01:27:05.434 [Test worker] DEBUG org.springframework.test.annotation.ProfileValueUtils - Retrieved ProfileValueSource type [class org.springframework.test.annotation.SystemProfileValueSource] for class [com.photogram.domain.user.UserRepositoryTest]
01:27:05.439 [Test worker] DEBUG org.springframework.test.context.support.AbstractDirtiesContextTestExecutionListener - Before test class: context [DefaultTestContext@6696f82c testClass = UserRepositoryTest, testInstance = [null], testMethod = [null], testException = [null], mergedContextConfiguration = [WebMergedContextConfiguration@47d18f4a testClass = UserRepositoryTest, locations = '{}', classes = '{class com.photogram.Application}', contextInitializerClasses = '[]', activeProfiles = '{}', propertySourceLocations = '{}', propertySourceProperties = '{org.springframework.boot.test.context.SpringBootTestContextBootstrapper=true}', contextCustomizers = set[org.springframework.boot.test.autoconfigure.properties.PropertyMappingContextCustomizer@0, org.springframework.boot.test.autoconfigure.web.servlet.WebDriverContextCustomizerFactory$Customizer@1200fe9a, org.springframework.boot.test.context.filter.ExcludeFilterContextCustomizer@6ac2fea0, org.springframework.boot.test.json.DuplicateJsonObjectContextCustomizerFactory$DuplicateJsonObjectContextCustomizer@44b9a8dd, org.springframework.boot.test.mock.mockito.MockitoContextCustomizer@0, org.springframework.boot.test.web.client.TestRestTemplateContextCustomizer@5e1f2014], resourceBasePath = 'src/main/webapp', contextLoader = 'org.springframework.boot.test.context.SpringBootContextLoader', parent = [null]], attributes = map['org.springframework.test.context.web.ServletTestExecutionListener.activateListener' -> true]], class annotated with @DirtiesContext [false] with mode [null].
01:27:05.440 [Test worker] DEBUG org.springframework.test.annotation.ProfileValueUtils - Retrieved @ProfileValueSourceConfiguration [null] for test class [com.photogram.domain.user.UserRepositoryTest]
01:27:05.440 [Test worker] DEBUG org.springframework.test.annotation.ProfileValueUtils - Retrieved ProfileValueSource type [class org.springframework.test.annotation.SystemProfileValueSource] for class [com.photogram.domain.user.UserRepositoryTest]
01:27:05.460 [Test worker] DEBUG org.springframework.test.context.support.TestPropertySourceUtils - Adding inlined properties to environment: {spring.jmx.enabled=false, org.springframework.boot.test.context.SpringBootTestContextBootstrapper=true, server.port=-1}

  .   ____          _            __ _ _
 /\\ / ___'_ __ _ _(_)_ __  __ _ \ \ \ \
( ( )\___ | '_ | '_| | '_ \/ _` | \ \ \ \
 \\/  ___)| |_)| | | | | || (_| |  ) ) ) )
  '  |____| .__|_| |_|_| |_\__, | / / / /
 =========|_|==============|___/=/_/_/_/
 :: Spring Boot ::        (v2.1.9.RELEASE)

2022-01-19 01:27:05.810  INFO 4156 --- [    Test worker] c.p.domain.user.UserRepositoryTest       : Starting UserRepositoryTest on LAPTOP-ThinkPad with PID 4156 (started by myeon in C:\intellij Projects\photogram)
2022-01-19 01:27:05.811  INFO 4156 --- [    Test worker] c.p.domain.user.UserRepositoryTest       : No active profile set, falling back to default profiles: default
2022-01-19 01:27:06.574  INFO 4156 --- [    Test worker] .s.d.r.c.RepositoryConfigurationDelegate : Bootstrapping Spring Data repositories in DEFAULT mode.
2022-01-19 01:27:06.665  INFO 4156 --- [    Test worker] .s.d.r.c.RepositoryConfigurationDelegate : Finished Spring Data repository scanning in 81ms. Found 1 repository interfaces.
2022-01-19 01:27:07.075  INFO 4156 --- [    Test worker] trationDelegate$BeanPostProcessorChecker : Bean 'org.springframework.transaction.annotation.ProxyTransactionManagementConfiguration' of type [org.springframework.transaction.annotation.ProxyTransactionManagementConfiguration$$EnhancerBySpringCGLIB$$dbb1cac1] is not eligible for getting processed by all BeanPostProcessors (for example: not eligible for auto-proxying)
2022-01-19 01:27:07.425  INFO 4156 --- [    Test worker] com.zaxxer.hikari.HikariDataSource       : HikariPool-1 - Starting...
2022-01-19 01:27:07.493  INFO 4156 --- [    Test worker] com.zaxxer.hikari.HikariDataSource       : HikariPool-1 - Start completed.
2022-01-19 01:27:07.588  INFO 4156 --- [    Test worker] o.hibernate.jpa.internal.util.LogHelper  : HHH000204: Processing PersistenceUnitInfo [
	name: default
	...]
2022-01-19 01:27:07.661  INFO 4156 --- [    Test worker] org.hibernate.Version                    : HHH000412: Hibernate Core {5.3.12.Final}
2022-01-19 01:27:07.663  INFO 4156 --- [    Test worker] org.hibernate.cfg.Environment            : HHH000206: hibernate.properties not found
2022-01-19 01:27:07.819  INFO 4156 --- [    Test worker] o.hibernate.annotations.common.Version   : HCANN000001: Hibernate Commons Annotations {5.0.4.Final}
2022-01-19 01:27:07.975  INFO 4156 --- [    Test worker] org.hibernate.dialect.Dialect            : HHH000400: Using dialect: org.hibernate.dialect.MariaDB103Dialect
Hibernate: drop table if exists User
Hibernate: create table User (id bigint not null auto_increment, bio varchar(255), email varchar(320) not null, gender varchar(10), name varchar(255) not null, password varchar(255) not null, profileImageUrl varchar(255), role varchar(255), tel varchar(15), username varchar(20) not null, website varchar(255), primary key (id)) engine=InnoDB
Hibernate: alter table User add constraint UK_e6gkqunxajvyxl5uctpl2vl2p unique (email)
Hibernate: alter table User add constraint UK_jreodf78a7pl5qidfh43axdfb unique (username)
2022-01-19 01:27:08.636  INFO 4156 --- [    Test worker] o.h.t.schema.internal.SchemaCreatorImpl  : HHH000476: Executing import script 'org.hibernate.tool.schema.internal.exec.ScriptSourceInputNonExistentImpl@373402da'
2022-01-19 01:27:08.638  INFO 4156 --- [    Test worker] j.LocalContainerEntityManagerFactoryBean : Initialized JPA EntityManagerFactory for persistence unit 'default'
2022-01-19 01:27:09.485  INFO 4156 --- [    Test worker] o.s.s.web.DefaultSecurityFilterChain     : Creating filter chain: any request, [org.springframework.security.web.context.request.async.WebAsyncManagerIntegrationFilter@247a6eff, org.springframework.security.web.context.SecurityContextPersistenceFilter@32a6c3f3, org.springframework.security.web.header.HeaderWriterFilter@2f780eb9, org.springframework.security.web.authentication.logout.LogoutFilter@5e58d226, org.springframework.security.web.authentication.UsernamePasswordAuthenticationFilter@6f863a5a, org.springframework.security.web.savedrequest.RequestCacheAwareFilter@380e2850, org.springframework.security.web.servletapi.SecurityContextHolderAwareRequestFilter@32bec37d, org.springframework.security.web.authentication.AnonymousAuthenticationFilter@46682ac1, org.springframework.security.web.session.SessionManagementFilter@285c2e59, org.springframework.security.web.access.ExceptionTranslationFilter@30c9b1ff, org.springframework.security.web.access.intercept.FilterSecurityInterceptor@58796f41]
2022-01-19 01:27:10.154  INFO 4156 --- [    Test worker] o.s.s.concurrent.ThreadPoolTaskExecutor  : Initializing ExecutorService 'applicationTaskExecutor'
2022-01-19 01:27:10.636  INFO 4156 --- [    Test worker] c.p.domain.user.UserRepositoryTest       : Started UserRepositoryTest in 5.166 seconds (JVM running for 6.186)
Hibernate: insert into User (bio, email, gender, name, password, profileImageUrl, role, tel, username, website) values (?, ?, ?, ?, ?, ?, ?, ?, ?, ?)
Hibernate: SELECT COUNT(*) AS cnt FROM user WHERE email = ?
2022-01-19 01:27:10.908  INFO 4156 --- [    Test worker] o.h.h.i.QueryTranslatorFactoryInitiator  : HHH000397: Using ASTQueryTranslatorFactory
Hibernate: select user0_.id as id1_0_, user0_.bio as bio2_0_, user0_.email as email3_0_, user0_.gender as gender4_0_, user0_.name as name5_0_, user0_.password as password6_0_, user0_.profileImageUrl as profileI7_0_, user0_.role as role8_0_, user0_.tel as tel9_0_, user0_.username as usernam10_0_, user0_.website as website11_0_ from User user0_
Hibernate: delete from User where id=?
]]></system-out>
  <system-err><![CDATA[]]></system-err>
</testsuite>
